<?xml version="1.0" encoding="UTF-8"?>
<!-- Generated by org.testng.reporters.JUnitXMLReporter -->
<testsuite ignored="2" hostname="DESKTOP-T6DNDPP" failures="0" tests="1" name="Default test" time="3.673" errors="0" timestamp="2023-07-17T19:27:43 PDT">
  <testcase classname="api.test.UserTest2" name="TestUpdateUser" time="2.661"/>
  <testcase classname="api.test.UserTest2" name="TestDeleteUser" time="0.0">
    <ignored/>
  </testcase> <!-- TestDeleteUser -->
  <testcase classname="api.test.UserTest2" name="testPostuser" time="0.0">
    <ignored/>
  </testcase> <!-- testPostuser -->
</testsuite> <!-- Default test -->
