<?xml version="1.0" encoding="UTF-8"?>
<!-- Generated by org.testng.reporters.JUnitXMLReporter -->
<testsuite ignored="0" hostname="DESKTOP-T6DNDPP" failures="1" tests="8" name="PetStoreTest" time="10.602" errors="0" timestamp="2023-07-17T17:31:13 PDT">
  <testcase classname="api.test.UserTest" name="testPostuser" time="3.724"/>
  <testcase classname="api.test.UserTest" name="TestUpdateUser" time="0.475"/>
  <testcase classname="api.test.UserTest" name="TestDeleteUser" time="0.482">
    <failure type="java.lang.AssertionError" message="expected [200] but found [404]">
      <![CDATA[java.lang.AssertionError: expected [200] but found [404]
at api.test.UserTest.TestDeleteUser(UserTest.java:76)
at java.base/java.util.ArrayList.forEach(ArrayList.java:1511)
... Removed 33 stack frames]]>
    </failure>
  </testcase> <!-- TestDeleteUser -->
  <testcase classname="api.test.DDrTest" name="testpostUser" time="0.471"/>
  <testcase classname="api.test.DDrTest" name="testpostUser" time="0.464"/>
  <testcase classname="api.test.DDrTest" name="testpostUser" time="0.475"/>
  <testcase classname="api.test.DDrTest" name="testpostUser" time="0.496"/>
  <testcase classname="api.test.DDrTest" name="testpostUser" time="0.447"/>
</testsuite> <!-- PetStoreTest -->
