<?xml version="1.0" encoding="UTF-8"?>
<testng-results ignored="0" total="8" passed="7" failed="1" skipped="0">
  <reporter-output>
  </reporter-output>
  <suite started-at="2023-07-17T20:13:44 PDT" name="Suite" finished-at="2023-07-17T20:13:54 PDT" duration-ms="9876">
    <groups>
    </groups>
    <test started-at="2023-07-17T20:13:44 PDT" name="PetStoreTest" finished-at="2023-07-17T20:13:54 PDT" duration-ms="9876">
      <class name="api.test.UserTest">
        <test-method is-config="true" signature="setup()[pri:0, instance:api.test.UserTest@41e36e46]" started-at="2023-07-17T20:13:44 PDT" name="setup" finished-at="2023-07-17T20:13:45 PDT" duration-ms="861" status="PASS">
          <reporter-output>
          </reporter-output>
        </test-method> <!-- setup -->
        <test-method signature="testPostuser()[pri:1, instance:api.test.UserTest@41e36e46]" started-at="2023-07-17T20:13:45 PDT" name="testPostuser" finished-at="2023-07-17T20:13:48 PDT" duration-ms="3048" status="PASS">
          <reporter-output>
          </reporter-output>
        </test-method> <!-- testPostuser -->
        <test-method signature="TestUpdateUser()[pri:3, instance:api.test.UserTest@41e36e46]" started-at="2023-07-17T20:13:48 PDT" name="TestUpdateUser" finished-at="2023-07-17T20:13:48 PDT" duration-ms="500" status="PASS">
          <reporter-output>
          </reporter-output>
        </test-method> <!-- TestUpdateUser -->
        <test-method signature="TestDeleteUser()[pri:4, instance:api.test.UserTest@41e36e46]" started-at="2023-07-17T20:13:48 PDT" name="TestDeleteUser" finished-at="2023-07-17T20:13:49 PDT" duration-ms="474" status="FAIL">
          <exception class="java.lang.AssertionError">
            <message>
              <![CDATA[expected [200] but found [404]]]>
            </message>
            <full-stacktrace>
              <![CDATA[java.lang.AssertionError: expected [200] but found [404]
at org.testng.Assert.fail(Assert.java:110)
at org.testng.Assert.failNotEquals(Assert.java:1413)
at org.testng.Assert.assertEqualsImpl(Assert.java:149)
at org.testng.Assert.assertEquals(Assert.java:131)
at org.testng.Assert.assertEquals(Assert.java:1240)
at org.testng.Assert.assertEquals(Assert.java:1274)
at api.test.UserTest.TestDeleteUser(UserTest.java:76)
at java.base/jdk.internal.reflect.NativeMethodAccessorImpl.invoke0(Native Method)
at java.base/jdk.internal.reflect.NativeMethodAccessorImpl.invoke(NativeMethodAccessorImpl.java:62)
at java.base/jdk.internal.reflect.DelegatingMethodAccessorImpl.invoke(DelegatingMethodAccessorImpl.java:43)
at java.base/java.lang.reflect.Method.invoke(Method.java:567)
at org.testng.internal.invokers.MethodInvocationHelper.invokeMethod(MethodInvocationHelper.java:139)
at org.testng.internal.invokers.TestInvoker.invokeMethod(TestInvoker.java:677)
at org.testng.internal.invokers.TestInvoker.invokeTestMethod(TestInvoker.java:221)
at org.testng.internal.invokers.MethodRunner.runInSequence(MethodRunner.java:50)
at org.testng.internal.invokers.TestInvoker$MethodInvocationAgent.invoke(TestInvoker.java:962)
at org.testng.internal.invokers.TestInvoker.invokeTestMethods(TestInvoker.java:194)
at org.testng.internal.invokers.TestMethodWorker.invokeTestMethods(TestMethodWorker.java:148)
at org.testng.internal.invokers.TestMethodWorker.run(TestMethodWorker.java:128)
at java.base/java.util.ArrayList.forEach(ArrayList.java:1507)
at org.testng.TestRunner.privateRun(TestRunner.java:806)
at org.testng.TestRunner.run(TestRunner.java:601)
at org.testng.SuiteRunner.runTest(SuiteRunner.java:433)
at org.testng.SuiteRunner.runSequentially(SuiteRunner.java:427)
at org.testng.SuiteRunner.privateRun(SuiteRunner.java:387)
at org.testng.SuiteRunner.run(SuiteRunner.java:330)
at org.testng.SuiteRunnerWorker.runSuite(SuiteRunnerWorker.java:52)
at org.testng.SuiteRunnerWorker.run(SuiteRunnerWorker.java:95)
at org.testng.TestNG.runSuitesSequentially(TestNG.java:1256)
at org.testng.TestNG.runSuitesLocally(TestNG.java:1176)
at org.testng.TestNG.runSuites(TestNG.java:1099)
at org.testng.TestNG.run(TestNG.java:1067)
at org.apache.maven.surefire.testng.TestNGExecutor.run(TestNGExecutor.java:308)
at org.apache.maven.surefire.testng.TestNGXmlTestSuite.execute(TestNGXmlTestSuite.java:71)
at org.apache.maven.surefire.testng.TestNGProvider.invoke(TestNGProvider.java:113)
at org.apache.maven.surefire.booter.ForkedBooter.runSuitesInProcess(ForkedBooter.java:385)
at org.apache.maven.surefire.booter.ForkedBooter.execute(ForkedBooter.java:162)
at org.apache.maven.surefire.booter.ForkedBooter.run(ForkedBooter.java:507)
at org.apache.maven.surefire.booter.ForkedBooter.main(ForkedBooter.java:495)
]]>
            </full-stacktrace>
          </exception> <!-- java.lang.AssertionError -->
          <reporter-output>
          </reporter-output>
        </test-method> <!-- TestDeleteUser -->
      </class> <!-- api.test.UserTest -->
      <class name="api.test.DDrTest">
        <test-method signature="testpostUser(java.lang.String,java.lang.String,java.lang.String,java.lang.String,java.lang.String,java.lang.String,java.lang.String)[pri:1, instance:api.test.DDrTest@31c88ec8]" started-at="2023-07-17T20:13:51 PDT" name="testpostUser" data-provider="Data" finished-at="2023-07-17T20:13:51 PDT" duration-ms="439" status="PASS">
          <params>
            <param index="0">
              <value>
                <![CDATA[10120]]>
              </value>
            </param>
            <param index="1">
              <value>
                <![CDATA[DemUser1]]>
              </value>
            </param>
            <param index="2">
              <value>
                <![CDATA[Joab]]>
              </value>
            </param>
            <param index="3">
              <value>
                <![CDATA[Cana]]>
              </value>
            </param>
            <param index="4">
              <value>
                <![CDATA[na@gmail.com]]>
              </value>
            </param>
            <param index="5">
              <value>
                <![CDATA[Demo@1]]>
              </value>
            </param>
            <param index="6">
              <value>
                <![CDATA[123456789]]>
              </value>
            </param>
          </params>
          <reporter-output>
          </reporter-output>
        </test-method> <!-- testpostUser -->
        <test-method signature="testpostUser(java.lang.String,java.lang.String,java.lang.String,java.lang.String,java.lang.String,java.lang.String,java.lang.String)[pri:1, instance:api.test.DDrTest@31c88ec8]" started-at="2023-07-17T20:13:51 PDT" name="testpostUser" data-provider="Data" finished-at="2023-07-17T20:13:52 PDT" duration-ms="437" status="PASS">
          <params>
            <param index="0">
              <value>
                <![CDATA[10121]]>
              </value>
            </param>
            <param index="1">
              <value>
                <![CDATA[DemUser2]]>
              </value>
            </param>
            <param index="2">
              <value>
                <![CDATA[Jobb]]>
              </value>
            </param>
            <param index="3">
              <value>
                <![CDATA[Candb]]>
              </value>
            </param>
            <param index="4">
              <value>
                <![CDATA[nb@gmail.com]]>
              </value>
            </param>
            <param index="5">
              <value>
                <![CDATA[Demo@2]]>
              </value>
            </param>
            <param index="6">
              <value>
                <![CDATA[234567891]]>
              </value>
            </param>
          </params>
          <reporter-output>
          </reporter-output>
        </test-method> <!-- testpostUser -->
        <test-method signature="testpostUser(java.lang.String,java.lang.String,java.lang.String,java.lang.String,java.lang.String,java.lang.String,java.lang.String)[pri:1, instance:api.test.DDrTest@31c88ec8]" started-at="2023-07-17T20:13:52 PDT" name="testpostUser" data-provider="Data" finished-at="2023-07-17T20:13:52 PDT" duration-ms="597" status="PASS">
          <params>
            <param index="0">
              <value>
                <![CDATA[10122]]>
              </value>
            </param>
            <param index="1">
              <value>
                <![CDATA[DelUse3]]>
              </value>
            </param>
            <param index="2">
              <value>
                <![CDATA[Jane]]>
              </value>
            </param>
            <param index="3">
              <value>
                <![CDATA[Olive]]>
              </value>
            </param>
            <param index="4">
              <value>
                <![CDATA[nbs@fmail.com]]>
              </value>
            </param>
            <param index="5">
              <value>
                <![CDATA[Dm34@2]]>
              </value>
            </param>
            <param index="6">
              <value>
                <![CDATA[73567919]]>
              </value>
            </param>
          </params>
          <reporter-output>
          </reporter-output>
        </test-method> <!-- testpostUser -->
        <test-method signature="testpostUser(java.lang.String,java.lang.String,java.lang.String,java.lang.String,java.lang.String,java.lang.String,java.lang.String)[pri:1, instance:api.test.DDrTest@31c88ec8]" started-at="2023-07-17T20:13:52 PDT" name="testpostUser" data-provider="Data" finished-at="2023-07-17T20:13:53 PDT" duration-ms="662" status="PASS">
          <params>
            <param index="0">
              <value>
                <![CDATA[10123]]>
              </value>
            </param>
            <param index="1">
              <value>
                <![CDATA[DemUser3]]>
              </value>
            </param>
            <param index="2">
              <value>
                <![CDATA[Jane1]]>
              </value>
            </param>
            <param index="3">
              <value>
                <![CDATA[Candb2]]>
              </value>
            </param>
            <param index="4">
              <value>
                <![CDATA[ncs@fmail.com]]>
              </value>
            </param>
            <param index="5">
              <value>
                <![CDATA[Dm34@3]]>
              </value>
            </param>
            <param index="6">
              <value>
                <![CDATA[87432053]]>
              </value>
            </param>
          </params>
          <reporter-output>
          </reporter-output>
        </test-method> <!-- testpostUser -->
        <test-method signature="testpostUser(java.lang.String,java.lang.String,java.lang.String,java.lang.String,java.lang.String,java.lang.String,java.lang.String)[pri:1, instance:api.test.DDrTest@31c88ec8]" started-at="2023-07-17T20:13:53 PDT" name="testpostUser" data-provider="Data" finished-at="2023-07-17T20:13:54 PDT" duration-ms="548" status="PASS">
          <params>
            <param index="0">
              <value>
                <![CDATA[10124]]>
              </value>
            </param>
            <param index="1">
              <value>
                <![CDATA[DelUse4]]>
              </value>
            </param>
            <param index="2">
              <value>
                <![CDATA[jay4]]>
              </value>
            </param>
            <param index="3">
              <value>
                <![CDATA[Olive3]]>
              </value>
            </param>
            <param index="4">
              <value>
                <![CDATA[ns@fmail.com]]>
              </value>
            </param>
            <param index="5">
              <value>
                <![CDATA[Dm34@4]]>
              </value>
            </param>
            <param index="6">
              <value>
                <![CDATA[248432025]]>
              </value>
            </param>
          </params>
          <reporter-output>
          </reporter-output>
        </test-method> <!-- testpostUser -->
      </class> <!-- api.test.DDrTest -->
    </test> <!-- PetStoreTest -->
  </suite> <!-- Suite -->
</testng-results>
